This is pdfTeX, Version 3.141592653-2.6-1.40.22 (TeX Live 2021) (preloaded format=pdflatex 2022.2.2)  23 APR 2023 18:50
entering extended mode
 restricted \write18 enabled.
 file:line:error style messages enabled.
 %&-line parsing enabled.
**/Users/scottmarsden/Documents/GitHub/WM-Thesis-Template/wm-dissertation.tex
(/Users/scottmarsden/Documents/GitHub/WM-Thesis-Template/wm-dissertation.tex
LaTeX2e <2020-10-01> patch level 4
L3 programming layer <2021-02-18> (/Users/scottmarsden/Documents/GitHub/WM-Thesis-Template/wmthesis.cls
Document Class: wmthesis 
(/usr/local/texlive/2021/texmf-dist/tex/latex/base/report.cls
Document Class: report 2020/04/10 v1.4m Standard LaTeX document class
(/usr/local/texlive/2021/texmf-dist/tex/latex/base/size11.clo
File: size11.clo 2020/04/10 v1.4m Standard LaTeX file (size option)
)
\c@part=\count179
\c@chapter=\count180
\c@section=\count181
\c@subsection=\count182
\c@subsubsection=\count183
\c@paragraph=\count184
\c@subparagraph=\count185
\c@figure=\count186
\c@table=\count187
\abovecaptionskip=\skip47
\belowcaptionskip=\skip48
\bibindent=\dimen138
) (/usr/local/texlive/2021/texmf-dist/tex/latex/amsmath/amsmath.sty
Package: amsmath 2020/09/23 v2.17i AMS math features
\@mathmargin=\skip49

For additional information on amsmath, use the `?' option.
(/usr/local/texlive/2021/texmf-dist/tex/latex/amsmath/amstext.sty
Package: amstext 2000/06/29 v2.01 AMS text
 (/usr/local/texlive/2021/texmf-dist/tex/latex/amsmath/amsgen.sty
File: amsgen.sty 1999/11/30 v2.0 generic functions
\@emptytoks=\toks15
\ex@=\dimen139
)) (/usr/local/texlive/2021/texmf-dist/tex/latex/amsmath/amsbsy.sty
Package: amsbsy 1999/11/29 v1.2d Bold Symbols
\pmbraise@=\dimen140
) (/usr/local/texlive/2021/texmf-dist/tex/latex/amsmath/amsopn.sty
Package: amsopn 2016/03/08 v2.02 operator names
)
\inf@bad=\count188
LaTeX Info: Redefining \frac on input line 234.
\uproot@=\count189
\leftroot@=\count190
LaTeX Info: Redefining \overline on input line 399.
\classnum@=\count191
\DOTSCASE@=\count192
LaTeX Info: Redefining \ldots on input line 496.
LaTeX Info: Redefining \dots on input line 499.
LaTeX Info: Redefining \cdots on input line 620.
\Mathstrutbox@=\box47
\strutbox@=\box48
\big@size=\dimen141
LaTeX Font Info:    Redeclaring font encoding OML on input line 743.
LaTeX Font Info:    Redeclaring font encoding OMS on input line 744.
\macc@depth=\count193
\c@MaxMatrixCols=\count194
\dotsspace@=\muskip16
\c@parentequation=\count195
\dspbrk@lvl=\count196
\tag@help=\toks16
\row@=\count197
\column@=\count198
\maxfields@=\count199
\andhelp@=\toks17
\eqnshift@=\dimen142
\alignsep@=\dimen143
\tagshift@=\dimen144
\tagwidth@=\dimen145
\totwidth@=\dimen146
\lineht@=\dimen147
\@envbody=\toks18
\multlinegap=\skip50
\multlinetaggap=\skip51
\mathdisplay@stack=\toks19
LaTeX Info: Redefining \[ on input line 2923.
LaTeX Info: Redefining \] on input line 2924.
) (/usr/local/texlive/2021/texmf-dist/tex/latex/amsfonts/amssymb.sty
Package: amssymb 2013/01/14 v3.01 AMS font symbols
 (/usr/local/texlive/2021/texmf-dist/tex/latex/amsfonts/amsfonts.sty
Package: amsfonts 2013/01/14 v3.01 Basic AMSFonts support
\symAMSa=\mathgroup4
\symAMSb=\mathgroup5
LaTeX Font Info:    Redeclaring math symbol \hbar on input line 98.
LaTeX Font Info:    Overwriting math alphabet `\mathfrak' in version `bold'
(Font)                  U/euf/m/n --> U/euf/b/n on input line 106.
)) (/usr/local/texlive/2021/texmf-dist/tex/latex/setspace/setspace.sty
Package: setspace 2011/12/19 v6.7a set line spacing
) (/usr/local/texlive/2021/texmf-dist/tex/latex/float/float.sty
Package: float 2001/11/08 v1.3d Float enhancements (AL)
\c@float@type=\count266
\float@exts=\toks20
\float@box=\box49
\@float@everytoks=\toks21
\@floatcapt=\box50
) (/Users/scottmarsden/Documents/GitHub/WM-Thesis-Template/citesort.sty
\@minsofar=\count267
\@min=\count268
\@cite@temp=\count269
) (/Users/scottmarsden/Documents/GitHub/WM-Thesis-Template/wmchapter.sty)
\thesisvskip=\skip52
\c@thesis@members=\count270
\c@define=\count271
\c@theorem=\count272
\c@lemma=\count273
\c@notate=\count274
\c@axiom=\count275
) (/usr/local/texlive/2021/texmf-dist/tex/latex/algorithm2e/algorithm2e.sty
Package: algorithm2e 2017/07/18 v5.2 algorithms environments
\c@AlgoLine=\count276
 (/usr/local/texlive/2021/texmf-dist/tex/latex/base/ifthen.sty
Package: ifthen 2014/09/29 v1.1c Standard LaTeX ifthen package (DPC)
)
\algocf@hangindent=\skip53
 (/usr/local/texlive/2021/texmf-dist/tex/latex/ifoddpage/ifoddpage.sty
Package: ifoddpage 2016/04/23 v1.1 Conditionals for odd/even page detection
\c@checkoddpage=\count277
) (/usr/local/texlive/2021/texmf-dist/tex/latex/tools/xspace.sty
Package: xspace 2014/10/28 v1.13 Space after command names (DPC,MH)
) (/usr/local/texlive/2021/texmf-dist/tex/latex/relsize/relsize.sty
Package: relsize 2013/03/29 ver 4.1
)
\skiptotal=\skip54
\skiplinenumber=\skip55
\skiprule=\skip56
\skiphlne=\skip57
\skiptext=\skip58
\skiplength=\skip59
\algomargin=\skip60
\skipalgocfslide=\skip61
\algowidth=\dimen148
\inoutsize=\dimen149
\inoutindent=\dimen150
\interspacetitleruled=\dimen151
\interspacealgoruled=\dimen152
\interspacetitleboxruled=\dimen153
\algocf@ruledwidth=\skip62
\algocf@inoutbox=\box51
\algocf@inputbox=\box52
\AlCapSkip=\skip63
\AlCapHSkip=\skip64
\algoskipindent=\skip65
\algocf@nlbox=\box53
\algocf@hangingbox=\box54
\algocf@untilbox=\box55
\algocf@skipuntil=\skip66
\algocf@capbox=\box56
\algocf@lcaptionbox=\skip67
\algoheightruledefault=\skip68
\algoheightrule=\skip69
\algotitleheightruledefault=\skip70
\algotitleheightrule=\skip71
\c@algocfline=\count278
\c@algocfproc=\count279
\c@algocf=\count280
\algocf@algoframe=\box57
\algocf@algobox=\box58
) (/usr/local/texlive/2021/texmf-dist/tex/latex/graphics/graphicx.sty
Package: graphicx 2020/09/09 v1.2b Enhanced LaTeX Graphics (DPC,SPQR)
 (/usr/local/texlive/2021/texmf-dist/tex/latex/graphics/keyval.sty
Package: keyval 2014/10/28 v1.15 key=value parser (DPC)
\KV@toks@=\toks22
) (/usr/local/texlive/2021/texmf-dist/tex/latex/graphics/graphics.sty
Package: graphics 2020/08/30 v1.4c Standard LaTeX Graphics (DPC,SPQR)
 (/usr/local/texlive/2021/texmf-dist/tex/latex/graphics/trig.sty
Package: trig 2016/01/03 v1.10 sin cos tan (DPC)
) (/usr/local/texlive/2021/texmf-dist/tex/latex/graphics-cfg/graphics.cfg
File: graphics.cfg 2016/06/04 v1.11 sample graphics configuration
)
Package graphics Info: Driver file: pdftex.def on input line 105.
 (/usr/local/texlive/2021/texmf-dist/tex/latex/graphics-def/pdftex.def
File: pdftex.def 2020/10/05 v1.2a Graphics/color driver for pdftex
))
\Gin@req@height=\dimen154
\Gin@req@width=\dimen155
) (/usr/local/texlive/2021/texmf-dist/tex/latex/preprint/balance.sty
Package: balance 1999/02/23 4.3 (PWD)
\oldvsize=\dimen156
) (/usr/local/texlive/2021/texmf-dist/tex/latex/tools/longtable.sty
Package: longtable 2020/01/07 v4.13 Multi-page Table package (DPC)
\LTleft=\skip72
\LTright=\skip73
\LTpre=\skip74
\LTpost=\skip75
\LTchunksize=\count281
\LTcapwidth=\dimen157
\LT@head=\box59
\LT@firsthead=\box60
\LT@foot=\box61
\LT@lastfoot=\box62
\LT@cols=\count282
\LT@rows=\count283
\c@LT@tables=\count284
\c@LT@chunks=\count285
\LT@p@ftn=\toks23
) (/usr/local/texlive/2021/texmf-dist/tex/latex/adjustbox/adjustbox.sty
Package: adjustbox 2020/08/19 v1.3 Adjusting TeX boxes (trim, clip, ...)
 (/usr/local/texlive/2021/texmf-dist/tex/latex/xkeyval/xkeyval.sty
Package: xkeyval 2020/11/20 v2.8 package option processing (HA)
 (/usr/local/texlive/2021/texmf-dist/tex/generic/xkeyval/xkeyval.tex (/usr/local/texlive/2021/texmf-dist/tex/generic/xkeyval/xkvutils.tex
\XKV@toks=\toks24
\XKV@tempa@toks=\toks25
)
\XKV@depth=\count286
File: xkeyval.tex 2014/12/03 v2.7a key=value parser (HA)
)) (/usr/local/texlive/2021/texmf-dist/tex/latex/adjustbox/adjcalc.sty
Package: adjcalc 2012/05/16 v1.1 Provides advanced setlength with multiple back-ends (calc, etex, pgfmath)
) (/usr/local/texlive/2021/texmf-dist/tex/latex/adjustbox/trimclip.sty
Package: trimclip 2020/08/19 v1.2 Trim and clip general TeX material
 (/usr/local/texlive/2021/texmf-dist/tex/latex/collectbox/collectbox.sty
Package: collectbox 2012/05/17 v0.4b Collect macro arguments as boxes
\collectedbox=\box63
)
\tc@llx=\dimen158
\tc@lly=\dimen159
\tc@urx=\dimen160
\tc@ury=\dimen161
Package trimclip Info: Using driver 'tc-pdftex.def'.
 (/usr/local/texlive/2021/texmf-dist/tex/latex/adjustbox/tc-pdftex.def
File: tc-pdftex.def 2019/01/04 v2.2 Clipping driver for pdftex
))
\adjbox@Width=\dimen162
\adjbox@Height=\dimen163
\adjbox@Depth=\dimen164
\adjbox@Totalheight=\dimen165
\adjbox@pwidth=\dimen166
\adjbox@pheight=\dimen167
\adjbox@pdepth=\dimen168
\adjbox@ptotalheight=\dimen169
 (/usr/local/texlive/2021/texmf-dist/tex/latex/varwidth/varwidth.sty
Package: varwidth 2009/03/30 ver 0.92;  Variable-width minipages
\@vwid@box=\box64
\sift@deathcycles=\count287
\@vwid@loff=\dimen170
\@vwid@roff=\dimen171
)) (/usr/local/texlive/2021/texmf-dist/tex/latex/caption/caption.sty
Package: caption 2020/10/26 v3.5g Customizing captions (AR)
 (/usr/local/texlive/2021/texmf-dist/tex/latex/caption/caption3.sty
Package: caption3 2020/10/21 v2.2e caption3 kernel (AR)
\captionmargin=\dimen172
\captionmargin@=\dimen173
\captionwidth=\dimen174
\caption@tempdima=\dimen175
\caption@indent=\dimen176
\caption@parindent=\dimen177
\caption@hangindent=\dimen178
Package caption Info: Unknown document class (or package),
(caption)             standard defaults will be used.
Package caption Info: \@makecaption = \long macro:#1#2->\vskip \abovecaptionskip \sbox \@tempboxa {{\small #1: #2}}\def \baselinestretch {1}\small \ifdim \wd \@tempboxa >\hsize #1: #2\par \else \global \@minipagefalse \hb@xt@ \hsize {\hfil \box \@tempboxa \hfil }\fi \vskip \belowcaptionskip  on input line 1139.
)

Package caption Warning: Unknown document class (or package),
(caption)                standard defaults will be used.
See the caption package documentation for explanation.

\c@caption@flags=\count288
\c@continuedfloat=\count289
Package caption Info: float package is loaded.
Package caption Info: longtable package is loaded.
(/usr/local/texlive/2021/texmf-dist/tex/latex/caption/ltcaption.sty
Package: ltcaption 2020/05/30 v1.4b longtable captions (AR)
)) (/usr/local/texlive/2021/texmf-dist/tex/latex/moresize/moresize.sty
Package: moresize 1999/07/26 v1.9 (more font sizes)
) (/usr/local/texlive/2021/texmf-dist/tex/latex/changepage/changepage.sty
Package: changepage 2009/10/20 v1.0c check page and change page layout
\c@cp@cntr=\count290
\cp@tempcnt=\count291
LaTeX Info: Redefining \checkoddpage on input line 59.
) (/usr/local/texlive/2021/texmf-dist/tex/latex/pbox/pbox.sty
Package: pbox 2011/12/07 v1.2 Dynamic parboxes
 (/usr/local/texlive/2021/texmf-dist/tex/latex/tools/calc.sty
Package: calc 2017/05/25 v4.3 Infix arithmetic (KKT,FJ)
\calc@Acount=\count292
\calc@Bcount=\count293
\calc@Adimen=\dimen179
\calc@Bdimen=\dimen180
\calc@Askip=\skip76
\calc@Bskip=\skip77
LaTeX Info: Redefining \setlength on input line 80.
LaTeX Info: Redefining \addtolength on input line 81.
\calc@Ccount=\count294
\calc@Cskip=\skip78
)
\pb@xlen=\skip79
) (/usr/local/texlive/2021/texmf-dist/tex/latex/mathtools/mathtools.sty
Package: mathtools 2021/03/18 v1.25 mathematical typesetting tools
 (/usr/local/texlive/2021/texmf-dist/tex/latex/mathtools/mhsetup.sty
Package: mhsetup 2021/03/18 v1.4 programming setup (MH)
)
LaTeX Info: Thecontrolsequence`\('isalreadyrobust on input line 130.
LaTeX Info: Thecontrolsequence`\)'isalreadyrobust on input line 130.
LaTeX Info: Thecontrolsequence`\['isalreadyrobust on input line 130.
LaTeX Info: Thecontrolsequence`\]'isalreadyrobust on input line 130.
\g_MT_multlinerow_int=\count295
\l_MT_multwidth_dim=\dimen181
\origjot=\skip80
\l_MT_shortvdotswithinadjustabove_dim=\dimen182
\l_MT_shortvdotswithinadjustbelow_dim=\dimen183
\l_MT_above_intertext_sep=\dimen184
\l_MT_below_intertext_sep=\dimen185
\l_MT_above_shortintertext_sep=\dimen186
\l_MT_below_shortintertext_sep=\dimen187
\xmathstrut@box=\box65
\xmathstrut@dim=\dimen188
) (/usr/local/texlive/2021/texmf-dist/tex/latex/subfigure/subfigure.sty
Package: subfigure 2002/03/15 v2.1.5 subfigure package
\subfigtopskip=\skip81
\subfigcapskip=\skip82
\subfigcaptopadj=\dimen189
\subfigbottomskip=\skip83
\subfigcapmargin=\dimen190
\subfiglabelskip=\skip84
\c@subfigure=\count296
\c@lofdepth=\count297
\c@subtable=\count298
\c@lotdepth=\count299

****************************************
* Local config file subfigure.cfg used *
****************************************
(/usr/local/texlive/2021/texmf-dist/tex/latex/subfigure/subfigure.cfg)
\subfig@top=\skip85
\subfig@bottom=\skip86
) (/usr/local/texlive/2021/texmf-dist/tex/latex/paralist/paralist.sty
Package: paralist 2017/01/22 v2.7 Extended list environments
\pltopsep=\skip87
\plpartopsep=\skip88
\plitemsep=\skip89
\plparsep=\skip90
\pl@lab=\toks26
) (/usr/local/texlive/2021/texmf-dist/tex/latex/hyperref/hyperref.sty
Package: hyperref 2021-02-27 v7.00k Hypertext links for LaTeX
 (/usr/local/texlive/2021/texmf-dist/tex/generic/ltxcmds/ltxcmds.sty
Package: ltxcmds 2020-05-10 v1.25 LaTeX kernel commands for general use (HO)
) (/usr/local/texlive/2021/texmf-dist/tex/generic/iftex/iftex.sty
Package: iftex 2020/03/06 v1.0d TeX engine tests
) (/usr/local/texlive/2021/texmf-dist/tex/generic/pdftexcmds/pdftexcmds.sty
Package: pdftexcmds 2020-06-27 v0.33 Utility functions of pdfTeX for LuaTeX (HO)
 (/usr/local/texlive/2021/texmf-dist/tex/generic/infwarerr/infwarerr.sty
Package: infwarerr 2019/12/03 v1.5 Providing info/warning/error messages (HO)
)
Package pdftexcmds Info: \pdf@primitive is available.
Package pdftexcmds Info: \pdf@ifprimitive is available.
Package pdftexcmds Info: \pdfdraftmode found.
) (/usr/local/texlive/2021/texmf-dist/tex/generic/kvsetkeys/kvsetkeys.sty
Package: kvsetkeys 2019/12/15 v1.18 Key value parser (HO)
) (/usr/local/texlive/2021/texmf-dist/tex/generic/kvdefinekeys/kvdefinekeys.sty
Package: kvdefinekeys 2019-12-19 v1.6 Define keys (HO)
) (/usr/local/texlive/2021/texmf-dist/tex/generic/pdfescape/pdfescape.sty
Package: pdfescape 2019/12/09 v1.15 Implements pdfTeX's escape features (HO)
) (/usr/local/texlive/2021/texmf-dist/tex/latex/hycolor/hycolor.sty
Package: hycolor 2020-01-27 v1.10 Color options for hyperref/bookmark (HO)
) (/usr/local/texlive/2021/texmf-dist/tex/latex/letltxmacro/letltxmacro.sty
Package: letltxmacro 2019/12/03 v1.6 Let assignment for LaTeX macros (HO)
) (/usr/local/texlive/2021/texmf-dist/tex/latex/auxhook/auxhook.sty
Package: auxhook 2019-12-17 v1.6 Hooks for auxiliary files (HO)
) (/usr/local/texlive/2021/texmf-dist/tex/latex/kvoptions/kvoptions.sty
Package: kvoptions 2020-10-07 v3.14 Key value format for package options (HO)
)
\@linkdim=\dimen191
\Hy@linkcounter=\count300
\Hy@pagecounter=\count301
 (/usr/local/texlive/2021/texmf-dist/tex/latex/hyperref/pd1enc.def
File: pd1enc.def 2021-02-27 v7.00k Hyperref: PDFDocEncoding definition (HO)
Now handling font encoding PD1 ...
... no UTF-8 mapping file for font encoding PD1
) (/usr/local/texlive/2021/texmf-dist/tex/latex/hyperref/hyperref-langpatches.def
File: hyperref-langpatches.def 2021-02-27 v7.00k Hyperref: patches for babel languages
) (/usr/local/texlive/2021/texmf-dist/tex/generic/intcalc/intcalc.sty
Package: intcalc 2019/12/15 v1.3 Expandable calculations with integers (HO)
) (/usr/local/texlive/2021/texmf-dist/tex/generic/etexcmds/etexcmds.sty
Package: etexcmds 2019/12/15 v1.7 Avoid name clashes with e-TeX commands (HO)
)
\Hy@SavedSpaceFactor=\count302
 (/usr/local/texlive/2021/texmf-dist/tex/latex/hyperref/puenc.def
File: puenc.def 2021-02-27 v7.00k Hyperref: PDF Unicode definition (HO)
Now handling font encoding PU ...
... no UTF-8 mapping file for font encoding PU
)
Package hyperref Info: Hyper figures OFF on input line 4192.
Package hyperref Info: Link nesting OFF on input line 4197.
Package hyperref Info: Hyper index ON on input line 4200.
Package hyperref Info: Plain pages OFF on input line 4207.
Package hyperref Info: Backreferencing OFF on input line 4212.
Package hyperref Info: Implicit mode ON; LaTeX internals redefined.
Package hyperref Info: Bookmarks ON on input line 4445.
\c@Hy@tempcnt=\count303
 (/usr/local/texlive/2021/texmf-dist/tex/latex/url/url.sty
\Urlmuskip=\muskip17
Package: url 2013/09/16  ver 3.4  Verb mode for urls, etc.
)
LaTeX Info: Redefining \url on input line 4804.
\XeTeXLinkMargin=\dimen192
 (/usr/local/texlive/2021/texmf-dist/tex/generic/bitset/bitset.sty
Package: bitset 2019/12/09 v1.3 Handle bit-vector datatype (HO)
 (/usr/local/texlive/2021/texmf-dist/tex/generic/bigintcalc/bigintcalc.sty
Package: bigintcalc 2019/12/15 v1.5 Expandable calculations on big integers (HO)
))
\Fld@menulength=\count304
\Field@Width=\dimen193
\Fld@charsize=\dimen194
Package hyperref Info: Hyper figures OFF on input line 6075.
Package hyperref Info: Link nesting OFF on input line 6080.
Package hyperref Info: Hyper index ON on input line 6083.
Package hyperref Info: backreferencing OFF on input line 6090.
Package hyperref Info: Link coloring OFF on input line 6095.
Package hyperref Info: Link coloring with OCG OFF on input line 6100.
Package hyperref Info: PDF/A mode OFF on input line 6105.
LaTeX Info: Redefining \ref on input line 6145.
LaTeX Info: Redefining \pageref on input line 6149.
 (/usr/local/texlive/2021/texmf-dist/tex/latex/base/atbegshi-ltx.sty
Package: atbegshi-ltx 2020/08/17 v1.0a Emulation of the original atbegshi package
with kernel methods
)
\Hy@abspage=\count305
\c@Item=\count306
\c@Hfootnote=\count307
)
Package hyperref Info: Driver (autodetected): hpdftex.
 (/usr/local/texlive/2021/texmf-dist/tex/latex/hyperref/hpdftex.def
File: hpdftex.def 2021-02-27 v7.00k Hyperref driver for pdfTeX
 (/usr/local/texlive/2021/texmf-dist/tex/latex/base/atveryend-ltx.sty
Package: atveryend-ltx 2020/08/19 v1.0a Emulation of the original atvery package
with kernel methods
)
\Fld@listcount=\count308
\c@bookmark@seq@number=\count309
 (/usr/local/texlive/2021/texmf-dist/tex/latex/rerunfilecheck/rerunfilecheck.sty
Package: rerunfilecheck 2019/12/05 v1.9 Rerun checks for auxiliary files (HO)
 (/usr/local/texlive/2021/texmf-dist/tex/generic/uniquecounter/uniquecounter.sty
Package: uniquecounter 2019/12/15 v1.4 Provide unlimited unique counter (HO)
)
Package uniquecounter Info: New unique counter `rerunfilecheck' on input line 286.
)
\Hy@SectionHShift=\skip91
) (/usr/local/texlive/2021/texmf-dist/tex/latex/base/fontenc.sty
Package: fontenc 2020/08/10 v2.0s Standard LaTeX package
) (/usr/local/texlive/2021/texmf-dist/tex/latex/xcolor/xcolor.sty
Package: xcolor 2016/05/11 v2.12 LaTeX color extensions (UK)
 (/usr/local/texlive/2021/texmf-dist/tex/latex/graphics-cfg/color.cfg
File: color.cfg 2016/01/02 v1.6 sample color configuration
)
Package xcolor Info: Driver file: pdftex.def on input line 225.
 (/usr/local/texlive/2021/texmf-dist/tex/latex/colortbl/colortbl.sty
Package: colortbl 2020/01/04 v1.0e Color table columns (DPC)
 (/usr/local/texlive/2021/texmf-dist/tex/latex/tools/array.sty
Package: array 2020/10/01 v2.5c Tabular extension package (FMi)
\col@sep=\dimen195
\ar@mcellbox=\box66
\extrarowheight=\dimen196
\NC@list=\toks27
\extratabsurround=\skip92
\backup@length=\skip93
\ar@cellbox=\box67
)
\everycr=\toks28
\minrowclearance=\skip94
)
\rownum=\count310
Package xcolor Info: Model `cmy' substituted by `cmy0' on input line 1348.
Package xcolor Info: Model `hsb' substituted by `rgb' on input line 1352.
Package xcolor Info: Model `RGB' extended on input line 1364.
Package xcolor Info: Model `HTML' substituted by `rgb' on input line 1366.
Package xcolor Info: Model `Hsb' substituted by `hsb' on input line 1367.
Package xcolor Info: Model `tHsb' substituted by `hsb' on input line 1368.
Package xcolor Info: Model `HSB' substituted by `hsb' on input line 1369.
Package xcolor Info: Model `Gray' substituted by `gray' on input line 1370.
Package xcolor Info: Model `wave' substituted by `hsb' on input line 1371.
 (/usr/local/texlive/2021/texmf-dist/tex/latex/graphics/dvipsnam.def
File: dvipsnam.def 2016/06/17 v3.0m Driver-dependent file (DPC,SPQR)
)) (/usr/local/texlive/2021/texmf-dist/tex/latex/multirow/multirow.sty
Package: multirow 2021/03/15 v2.8 Span multiple rows of a table
\multirow@colwidth=\skip95
\multirow@cntb=\count311
\multirow@dima=\skip96
\bigstrutjot=\dimen197
) (/usr/local/texlive/2021/texmf-dist/tex/latex/tools/multicol.sty
Package: multicol 2019/12/09 v1.8y multicolumn formatting (FMi)
\c@tracingmulticols=\count312
\mult@box=\box68
\multicol@leftmargin=\dimen198
\c@unbalance=\count313
\c@collectmore=\count314
\doublecol@number=\count315
\multicoltolerance=\count316
\multicolpretolerance=\count317
\full@width=\dimen199
\page@free=\dimen256
\premulticols=\dimen257
\postmulticols=\dimen258
\multicolsep=\skip97
\multicolbaselineskip=\skip98
\partial@page=\box69
\last@line=\box70
\maxbalancingoverflow=\dimen259
\mult@rightbox=\box71
\mult@grightbox=\box72
\mult@gfirstbox=\box73
\mult@firstbox=\box74
\@tempa=\box75
\@tempa=\box76
\@tempa=\box77
\@tempa=\box78
\@tempa=\box79
\@tempa=\box80
\@tempa=\box81
\@tempa=\box82
\@tempa=\box83
\@tempa=\box84
\@tempa=\box85
\@tempa=\box86
\@tempa=\box87
\@tempa=\box88
\@tempa=\box89
\@tempa=\box90
\@tempa=\box91
\@tempa=\box92
\@tempa=\box93
\@tempa=\box94
\@tempa=\box95
\@tempa=\box96
\@tempa=\box97
\@tempa=\box98
\@tempa=\box99
\@tempa=\box100
\@tempa=\box101
\@tempa=\box102
\@tempa=\box103
\@tempa=\box104
\@tempa=\box105
\@tempa=\box106
\@tempa=\box107
\@tempa=\box108
\@tempa=\box109
\@tempa=\box110
\@tempa=\box111
\c@minrows=\count318
\c@columnbadness=\count319
\c@finalcolumnbadness=\count320
\last@try=\dimen260
\multicolovershoot=\dimen261
\multicolundershoot=\dimen262
\mult@nat@firstbox=\box112
\colbreak@box=\box113
\mc@col@check@num=\count321
) (/usr/local/texlive/2021/texmf-dist/tex/latex/listings/listings.sty
\lst@mode=\count322
\lst@gtempboxa=\box114
\lst@token=\toks29
\lst@length=\count323
\lst@currlwidth=\dimen263
\lst@column=\count324
\lst@pos=\count325
\lst@lostspace=\dimen264
\lst@width=\dimen265
\lst@newlines=\count326
\lst@lineno=\count327
\lst@maxwidth=\dimen266
 (/usr/local/texlive/2021/texmf-dist/tex/latex/listings/lstmisc.sty
File: lstmisc.sty 2020/03/24 1.8d (Carsten Heinz)
\c@lstnumber=\count328
\lst@skipnumbers=\count329
\lst@framebox=\box115
) (/usr/local/texlive/2021/texmf-dist/tex/latex/listings/listings.cfg
File: listings.cfg 2020/03/24 1.8d listings configuration
))
Package: listings 2020/03/24 1.8d (Carsten Heinz)
 (/usr/local/texlive/2021/texmf-dist/tex/latex/tools/verbatim.sty
Package: verbatim 2020-07-07 v1.5u LaTeX2e package for verbatim enhancements
\every@verbatim=\toks30
\verbatim@line=\toks31
\verbatim@in@stream=\read2
) (/usr/local/texlive/2021/texmf-dist/tex/latex/nowidow/nowidow.sty
Package: nowidow 2011/09/20 1.0 Easily prevent widows and orphans
Package: nowidow 
) (/usr/local/texlive/2021/texmf-dist/tex/latex/psnfss/pifont.sty
Package: pifont 2020/03/25 PSNFSS-v9.3 Pi font support (SPQR) 
LaTeX Font Info:    Trying to load font information for U+pzd on input line 63.
 (/usr/local/texlive/2021/texmf-dist/tex/latex/psnfss/upzd.fd
File: upzd.fd 2001/06/04 font definitions for U/pzd.
)
LaTeX Font Info:    Trying to load font information for U+psy on input line 64.
 (/usr/local/texlive/2021/texmf-dist/tex/latex/psnfss/upsy.fd
File: upsy.fd 2001/06/04 font definitions for U/psy.
)) (/usr/local/texlive/2021/texmf-dist/tex/latex/base/textcomp.sty
Package: textcomp 2020/02/02 v2.0n Standard LaTeX package
) (/usr/local/texlive/2021/texmf-dist/tex/latex/pict2e/pict2e.sty
Package: pict2e 2020/09/30 v0.4b Improved picture commands (HjG,RN,JT)
 (/usr/local/texlive/2021/texmf-dist/tex/latex/pict2e/pict2e.cfg
File: pict2e.cfg 2016/02/05 v0.1u pict2e configuration for teTeX/TeXLive
)
Package pict2e Info: Driver file: pdftex.def on input line 112.
Package pict2e Info: Driver file for pict2e: p2e-pdftex.def on input line 114.
 (/usr/local/texlive/2021/texmf-dist/tex/latex/pict2e/p2e-pdftex.def
File: p2e-pdftex.def 2016/02/05 v0.1u Driver-dependant file (RN,HjG,JT)
)
\pIIe@GRAPH=\toks32
\@arclen=\dimen267
\@arcrad=\dimen268
\pIIe@tempdima=\dimen269
\pIIe@tempdimb=\dimen270
\pIIe@tempdimc=\dimen271
\pIIe@tempdimd=\dimen272
\pIIe@tempdime=\dimen273
\pIIe@tempdimf=\dimen274
) (/usr/local/texlive/2021/texmf-dist/tex/latex/picture/picture.sty
Package: picture 2020-04-22 v1.6 Dimens for picture macros (HO)
Package picture Info: Calculation method: calc.
) (/usr/local/texlive/2021/texmf-dist/tex/latex/graphics/epsfig.sty
Package: epsfig 2017/06/25 v1.7b (e)psfig emulation (SPQR)
\epsfxsize=\dimen275
\epsfysize=\dimen276
) (/usr/local/texlive/2021/texmf-dist/tex/latex/tocloft/tocloft.sty
Package: tocloft 2017/08/31 v2.3i parameterised ToC, etc., typesetting
Package tocloft Info: The document has chapter divisions on input line 51.
\cftparskip=\skip99
\cftbeforetoctitleskip=\skip100
\cftaftertoctitleskip=\skip101
\cftbeforepartskip=\skip102
\cftpartnumwidth=\skip103
\cftpartindent=\skip104
\cftbeforechapskip=\skip105
\cftchapindent=\skip106
\cftchapnumwidth=\skip107
\cftbeforesecskip=\skip108
\cftsecindent=\skip109
\cftsecnumwidth=\skip110
\cftbeforesubsecskip=\skip111
\cftsubsecindent=\skip112
\cftsubsecnumwidth=\skip113
\cftbeforesubsubsecskip=\skip114
\cftsubsubsecindent=\skip115
\cftsubsubsecnumwidth=\skip116
\cftbeforeparaskip=\skip117
\cftparaindent=\skip118
\cftparanumwidth=\skip119
\cftbeforesubparaskip=\skip120
\cftsubparaindent=\skip121
\cftsubparanumwidth=\skip122
\cftbeforeloftitleskip=\skip123
\cftafterloftitleskip=\skip124
\cftbeforefigskip=\skip125
\cftfigindent=\skip126
\cftfignumwidth=\skip127
\cftbeforelottitleskip=\skip128
\cftafterlottitleskip=\skip129
\cftbeforetabskip=\skip130
\cfttabindent=\skip131
\cfttabnumwidth=\skip132
\cftbeforesubfigskip=\skip133
\cftsubfigindent=\skip134
\cftsubfignumwidth=\skip135
\cftbeforesubtabskip=\skip136
\cftsubtabindent=\skip137
\cftsubtabnumwidth=\skip138
) (/usr/local/texlive/2021/texmf-dist/tex/latex/base/latexsym.sty
Package: latexsym 1998/08/17 v2.2e Standard LaTeX package (lasy symbols)
\symlasy=\mathgroup6
LaTeX Font Info:    Overwriting symbol font `lasy' in version `bold'
(Font)                  U/lasy/m/n --> U/lasy/b/n on input line 52.
) (/usr/local/texlive/2021/texmf-dist/tex/latex/booktabs/booktabs.sty
Package: booktabs 2020/01/12 v1.61803398 Publication quality tables
\heavyrulewidth=\dimen277
\lightrulewidth=\dimen278
\cmidrulewidth=\dimen279
\belowrulesep=\dimen280
\belowbottomsep=\dimen281
\aboverulesep=\dimen282
\abovetopsep=\dimen283
\cmidrulesep=\dimen284
\cmidrulekern=\dimen285
\defaultaddspace=\dimen286
\@cmidla=\count330
\@cmidlb=\count331
\@aboverulesep=\dimen287
\@belowrulesep=\dimen288
\@thisruleclass=\count332
\@lastruleclass=\count333
\@thisrulewidth=\dimen289
) (/usr/local/texlive/2021/texmf-dist/tex/latex/tools/tabularx.sty
Package: tabularx 2020/01/15 v2.11c `tabularx' package (DPC)
\TX@col@width=\dimen290
\TX@old@table=\dimen291
\TX@old@col=\dimen292
\TX@target=\dimen293
\TX@delta=\dimen294
\TX@cols=\count334
\TX@ftn=\toks33
) (/usr/local/texlive/2021/texmf-dist/tex/latex/graphics/rotating.sty
Package: rotating 2016/08/11 v2.16d rotated objects in LaTeX
\c@r@tfl@t=\count335
\rotFPtop=\skip139
\rotFPbot=\skip140
\rot@float@box=\box116
\rot@mess@toks=\toks34
) (/usr/local/texlive/2021/texmf-dist/tex/latex/natbib/natbib.sty
Package: natbib 2010/09/13 8.31b (PWD, AO)
\bibhang=\skip141
\bibsep=\skip142
LaTeX Info: Redefining \cite on input line 694.
\c@NAT@ctr=\count336
) (/usr/local/texlive/2021/texmf-dist/tex/latex/mdwtools/mdwlist.sty
Package: mdwlist 1996/05/02 1.1 Various list-related things
) (/usr/local/texlive/2021/texmf-dist/tex/generic/ulem/ulem.sty
\UL@box=\box117
\UL@hyphenbox=\box118
\UL@skip=\skip143
\UL@hook=\toks35
\UL@height=\dimen295
\UL@pe=\count337
\UL@pixel=\dimen296
\ULC@box=\box119
Package: ulem 2019/11/18
\ULdepth=\dimen297
) (/usr/local/texlive/2021/texmf-dist/tex/latex/pgf/frontendlayer/tikz.sty (/usr/local/texlive/2021/texmf-dist/tex/latex/pgf/basiclayer/pgf.sty (/usr/local/texlive/2021/texmf-dist/tex/latex/pgf/utilities/pgfrcs.sty (/usr/local/texlive/2021/texmf-dist/tex/generic/pgf/utilities/pgfutil-common.tex
\pgfutil@everybye=\toks36
\pgfutil@tempdima=\dimen298
\pgfutil@tempdimb=\dimen299
 (/usr/local/texlive/2021/texmf-dist/tex/generic/pgf/utilities/pgfutil-common-lists.tex)) (/usr/local/texlive/2021/texmf-dist/tex/generic/pgf/utilities/pgfutil-latex.def
\pgfutil@abb=\box120
) (/usr/local/texlive/2021/texmf-dist/tex/generic/pgf/utilities/pgfrcs.code.tex (/usr/local/texlive/2021/texmf-dist/tex/generic/pgf/pgf.revision.tex)
Package: pgfrcs 2020/12/27 v3.1.8b (3.1.8b)
))
Package: pgf 2020/12/27 v3.1.8b (3.1.8b)
 (/usr/local/texlive/2021/texmf-dist/tex/latex/pgf/basiclayer/pgfcore.sty (/usr/local/texlive/2021/texmf-dist/tex/latex/pgf/systemlayer/pgfsys.sty (/usr/local/texlive/2021/texmf-dist/tex/generic/pgf/systemlayer/pgfsys.code.tex
Package: pgfsys 2020/12/27 v3.1.8b (3.1.8b)
 (/usr/local/texlive/2021/texmf-dist/tex/generic/pgf/utilities/pgfkeys.code.tex
\pgfkeys@pathtoks=\toks37
\pgfkeys@temptoks=\toks38
 (/usr/local/texlive/2021/texmf-dist/tex/generic/pgf/utilities/pgfkeysfiltered.code.tex
\pgfkeys@tmptoks=\toks39
))
\pgf@x=\dimen300
\pgf@y=\dimen301
\pgf@xa=\dimen302
\pgf@ya=\dimen303
\pgf@xb=\dimen304
\pgf@yb=\dimen305
\pgf@xc=\dimen306
\pgf@yc=\dimen307
\pgf@xd=\dimen308
\pgf@yd=\dimen309
\w@pgf@writea=\write3
\r@pgf@reada=\read3
\c@pgf@counta=\count338
\c@pgf@countb=\count339
\c@pgf@countc=\count340
\c@pgf@countd=\count341
\t@pgf@toka=\toks40
\t@pgf@tokb=\toks41
\t@pgf@tokc=\toks42
\pgf@sys@id@count=\count342
 (/usr/local/texlive/2021/texmf-dist/tex/generic/pgf/systemlayer/pgf.cfg
File: pgf.cfg 2020/12/27 v3.1.8b (3.1.8b)
)
Driver file for pgf: pgfsys-pdftex.def
 (/usr/local/texlive/2021/texmf-dist/tex/generic/pgf/systemlayer/pgfsys-pdftex.def
File: pgfsys-pdftex.def 2020/12/27 v3.1.8b (3.1.8b)
 (/usr/local/texlive/2021/texmf-dist/tex/generic/pgf/systemlayer/pgfsys-common-pdf.def
File: pgfsys-common-pdf.def 2020/12/27 v3.1.8b (3.1.8b)
))) (/usr/local/texlive/2021/texmf-dist/tex/generic/pgf/systemlayer/pgfsyssoftpath.code.tex
File: pgfsyssoftpath.code.tex 2020/12/27 v3.1.8b (3.1.8b)
\pgfsyssoftpath@smallbuffer@items=\count343
\pgfsyssoftpath@bigbuffer@items=\count344
) (/usr/local/texlive/2021/texmf-dist/tex/generic/pgf/systemlayer/pgfsysprotocol.code.tex
File: pgfsysprotocol.code.tex 2020/12/27 v3.1.8b (3.1.8b)
)) (/usr/local/texlive/2021/texmf-dist/tex/generic/pgf/basiclayer/pgfcore.code.tex
Package: pgfcore 2020/12/27 v3.1.8b (3.1.8b)
 (/usr/local/texlive/2021/texmf-dist/tex/generic/pgf/math/pgfmath.code.tex (/usr/local/texlive/2021/texmf-dist/tex/generic/pgf/math/pgfmathcalc.code.tex (/usr/local/texlive/2021/texmf-dist/tex/generic/pgf/math/pgfmathutil.code.tex) (/usr/local/texlive/2021/texmf-dist/tex/generic/pgf/math/pgfmathparser.code.tex
\pgfmath@dimen=\dimen310
\pgfmath@count=\count345
\pgfmath@box=\box121
\pgfmath@toks=\toks43
\pgfmath@stack@operand=\toks44
\pgfmath@stack@operation=\toks45
) (/usr/local/texlive/2021/texmf-dist/tex/generic/pgf/math/pgfmathfunctions.code.tex (/usr/local/texlive/2021/texmf-dist/tex/generic/pgf/math/pgfmathfunctions.basic.code.tex) (/usr/local/texlive/2021/texmf-dist/tex/generic/pgf/math/pgfmathfunctions.trigonometric.code.tex) (/usr/local/texlive/2021/texmf-dist/tex/generic/pgf/math/pgfmathfunctions.random.code.tex) (/usr/local/texlive/2021/texmf-dist/tex/generic/pgf/math/pgfmathfunctions.comparison.code.tex) (/usr/local/texlive/2021/texmf-dist/tex/generic/pgf/math/pgfmathfunctions.base.code.tex) (/usr/local/texlive/2021/texmf-dist/tex/generic/pgf/math/pgfmathfunctions.round.code.tex) (/usr/local/texlive/2021/texmf-dist/tex/generic/pgf/math/pgfmathfunctions.misc.code.tex) (/usr/local/texlive/2021/texmf-dist/tex/generic/pgf/math/pgfmathfunctions.integerarithmetics.code.tex))) (/usr/local/texlive/2021/texmf-dist/tex/generic/pgf/math/pgfmathfloat.code.tex
\c@pgfmathroundto@lastzeros=\count346
)) (/usr/local/texlive/2021/texmf-dist/tex/generic/pgf/math/pgfint.code.tex) (/usr/local/texlive/2021/texmf-dist/tex/generic/pgf/basiclayer/pgfcorepoints.code.tex
File: pgfcorepoints.code.tex 2020/12/27 v3.1.8b (3.1.8b)
\pgf@picminx=\dimen311
\pgf@picmaxx=\dimen312
\pgf@picminy=\dimen313
\pgf@picmaxy=\dimen314
\pgf@pathminx=\dimen315
\pgf@pathmaxx=\dimen316
\pgf@pathminy=\dimen317
\pgf@pathmaxy=\dimen318
\pgf@xx=\dimen319
\pgf@xy=\dimen320
\pgf@yx=\dimen321
\pgf@yy=\dimen322
\pgf@zx=\dimen323
\pgf@zy=\dimen324
) (/usr/local/texlive/2021/texmf-dist/tex/generic/pgf/basiclayer/pgfcorepathconstruct.code.tex
File: pgfcorepathconstruct.code.tex 2020/12/27 v3.1.8b (3.1.8b)
\pgf@path@lastx=\dimen325
\pgf@path@lasty=\dimen326
) (/usr/local/texlive/2021/texmf-dist/tex/generic/pgf/basiclayer/pgfcorepathusage.code.tex
File: pgfcorepathusage.code.tex 2020/12/27 v3.1.8b (3.1.8b)
\pgf@shorten@end@additional=\dimen327
\pgf@shorten@start@additional=\dimen328
) (/usr/local/texlive/2021/texmf-dist/tex/generic/pgf/basiclayer/pgfcorescopes.code.tex
File: pgfcorescopes.code.tex 2020/12/27 v3.1.8b (3.1.8b)
\pgfpic=\box122
\pgf@hbox=\box123
\pgf@layerbox@main=\box124
\pgf@picture@serial@count=\count347
) (/usr/local/texlive/2021/texmf-dist/tex/generic/pgf/basiclayer/pgfcoregraphicstate.code.tex
File: pgfcoregraphicstate.code.tex 2020/12/27 v3.1.8b (3.1.8b)
\pgflinewidth=\dimen329
) (/usr/local/texlive/2021/texmf-dist/tex/generic/pgf/basiclayer/pgfcoretransformations.code.tex
File: pgfcoretransformations.code.tex 2020/12/27 v3.1.8b (3.1.8b)
\pgf@pt@x=\dimen330
\pgf@pt@y=\dimen331
\pgf@pt@temp=\dimen332
) (/usr/local/texlive/2021/texmf-dist/tex/generic/pgf/basiclayer/pgfcorequick.code.tex
File: pgfcorequick.code.tex 2020/12/27 v3.1.8b (3.1.8b)
) (/usr/local/texlive/2021/texmf-dist/tex/generic/pgf/basiclayer/pgfcoreobjects.code.tex
File: pgfcoreobjects.code.tex 2020/12/27 v3.1.8b (3.1.8b)
) (/usr/local/texlive/2021/texmf-dist/tex/generic/pgf/basiclayer/pgfcorepathprocessing.code.tex
File: pgfcorepathprocessing.code.tex 2020/12/27 v3.1.8b (3.1.8b)
) (/usr/local/texlive/2021/texmf-dist/tex/generic/pgf/basiclayer/pgfcorearrows.code.tex
File: pgfcorearrows.code.tex 2020/12/27 v3.1.8b (3.1.8b)
\pgfarrowsep=\dimen333
) (/usr/local/texlive/2021/texmf-dist/tex/generic/pgf/basiclayer/pgfcoreshade.code.tex
File: pgfcoreshade.code.tex 2020/12/27 v3.1.8b (3.1.8b)
\pgf@max=\dimen334
\pgf@sys@shading@range@num=\count348
\pgf@shadingcount=\count349
) (/usr/local/texlive/2021/texmf-dist/tex/generic/pgf/basiclayer/pgfcoreimage.code.tex
File: pgfcoreimage.code.tex 2020/12/27 v3.1.8b (3.1.8b)
 (/usr/local/texlive/2021/texmf-dist/tex/generic/pgf/basiclayer/pgfcoreexternal.code.tex
File: pgfcoreexternal.code.tex 2020/12/27 v3.1.8b (3.1.8b)
\pgfexternal@startupbox=\box125
)) (/usr/local/texlive/2021/texmf-dist/tex/generic/pgf/basiclayer/pgfcorelayers.code.tex
File: pgfcorelayers.code.tex 2020/12/27 v3.1.8b (3.1.8b)
) (/usr/local/texlive/2021/texmf-dist/tex/generic/pgf/basiclayer/pgfcoretransparency.code.tex
File: pgfcoretransparency.code.tex 2020/12/27 v3.1.8b (3.1.8b)
) (/usr/local/texlive/2021/texmf-dist/tex/generic/pgf/basiclayer/pgfcorepatterns.code.tex
File: pgfcorepatterns.code.tex 2020/12/27 v3.1.8b (3.1.8b)
) (/usr/local/texlive/2021/texmf-dist/tex/generic/pgf/basiclayer/pgfcorerdf.code.tex
File: pgfcorerdf.code.tex 2020/12/27 v3.1.8b (3.1.8b)
))) (/usr/local/texlive/2021/texmf-dist/tex/generic/pgf/modules/pgfmoduleshapes.code.tex
File: pgfmoduleshapes.code.tex 2020/12/27 v3.1.8b (3.1.8b)
\pgfnodeparttextbox=\box126
) (/usr/local/texlive/2021/texmf-dist/tex/generic/pgf/modules/pgfmoduleplot.code.tex
File: pgfmoduleplot.code.tex 2020/12/27 v3.1.8b (3.1.8b)
) (/usr/local/texlive/2021/texmf-dist/tex/latex/pgf/compatibility/pgfcomp-version-0-65.sty
Package: pgfcomp-version-0-65 2020/12/27 v3.1.8b (3.1.8b)
\pgf@nodesepstart=\dimen335
\pgf@nodesepend=\dimen336
) (/usr/local/texlive/2021/texmf-dist/tex/latex/pgf/compatibility/pgfcomp-version-1-18.sty
Package: pgfcomp-version-1-18 2020/12/27 v3.1.8b (3.1.8b)
)) (/usr/local/texlive/2021/texmf-dist/tex/latex/pgf/utilities/pgffor.sty (/usr/local/texlive/2021/texmf-dist/tex/latex/pgf/utilities/pgfkeys.sty (/usr/local/texlive/2021/texmf-dist/tex/generic/pgf/utilities/pgfkeys.code.tex)) (/usr/local/texlive/2021/texmf-dist/tex/latex/pgf/math/pgfmath.sty (/usr/local/texlive/2021/texmf-dist/tex/generic/pgf/math/pgfmath.code.tex)) (/usr/local/texlive/2021/texmf-dist/tex/generic/pgf/utilities/pgffor.code.tex
Package: pgffor 2020/12/27 v3.1.8b (3.1.8b)
 (/usr/local/texlive/2021/texmf-dist/tex/generic/pgf/math/pgfmath.code.tex)
\pgffor@iter=\dimen337
\pgffor@skip=\dimen338
\pgffor@stack=\toks46
\pgffor@toks=\toks47
)) (/usr/local/texlive/2021/texmf-dist/tex/generic/pgf/frontendlayer/tikz/tikz.code.tex
Package: tikz 2020/12/27 v3.1.8b (3.1.8b)
 (/usr/local/texlive/2021/texmf-dist/tex/generic/pgf/libraries/pgflibraryplothandlers.code.tex
File: pgflibraryplothandlers.code.tex 2020/12/27 v3.1.8b (3.1.8b)
\pgf@plot@mark@count=\count350
\pgfplotmarksize=\dimen339
)
\tikz@lastx=\dimen340
\tikz@lasty=\dimen341
\tikz@lastxsaved=\dimen342
\tikz@lastysaved=\dimen343
\tikz@lastmovetox=\dimen344
\tikz@lastmovetoy=\dimen345
\tikzleveldistance=\dimen346
\tikzsiblingdistance=\dimen347
\tikz@figbox=\box127
\tikz@figbox@bg=\box128
\tikz@tempbox=\box129
\tikz@tempbox@bg=\box130
\tikztreelevel=\count351
\tikznumberofchildren=\count352
\tikznumberofcurrentchild=\count353
\tikz@fig@count=\count354
 (/usr/local/texlive/2021/texmf-dist/tex/generic/pgf/modules/pgfmodulematrix.code.tex
File: pgfmodulematrix.code.tex 2020/12/27 v3.1.8b (3.1.8b)
\pgfmatrixcurrentrow=\count355
\pgfmatrixcurrentcolumn=\count356
\pgf@matrix@numberofcolumns=\count357
)
\tikz@expandcount=\count358
 (/usr/local/texlive/2021/texmf-dist/tex/generic/pgf/frontendlayer/tikz/libraries/tikzlibrarytopaths.code.tex
File: tikzlibrarytopaths.code.tex 2020/12/27 v3.1.8b (3.1.8b)
)))
\@input{macro.aux}
\openout2 = `macro.aux'.

(/Users/scottmarsden/Documents/GitHub/WM-Thesis-Template/macro.tex
\CBox=\box131
\CLength=\skip144
)
\@input{constants.aux}
\openout2 = `constants.aux'.

(/Users/scottmarsden/Documents/GitHub/WM-Thesis-Template/constants.tex) (/Users/scottmarsden/Documents/GitHub/WM-Thesis-Template/tables/experimental_rows.tex) (/usr/local/texlive/2021/texmf-dist/tex/latex/l3backend/l3backend-pdftex.def
File: l3backend-pdftex.def 2021-03-18 L3 backend support: PDF output (pdfTeX)
\l__color_backend_stack_int=\count359
\l__pdf_internal_box=\box132
) (/Users/scottmarsden/Documents/GitHub/WM-Thesis-Template/wm-dissertation.aux)
\openout1 = `wm-dissertation.aux'.

LaTeX Font Info:    Checking defaults for OML/cmm/m/it on input line 119.
LaTeX Font Info:    ... okay on input line 119.
LaTeX Font Info:    Checking defaults for OMS/cmsy/m/n on input line 119.
LaTeX Font Info:    ... okay on input line 119.
LaTeX Font Info:    Checking defaults for OT1/cmr/m/n on input line 119.
LaTeX Font Info:    ... okay on input line 119.
LaTeX Font Info:    Checking defaults for T1/cmr/m/n on input line 119.
LaTeX Font Info:    ... okay on input line 119.
LaTeX Font Info:    Checking defaults for TS1/cmr/m/n on input line 119.
LaTeX Font Info:    ... okay on input line 119.
LaTeX Font Info:    Checking defaults for OMX/cmex/m/n on input line 119.
LaTeX Font Info:    ... okay on input line 119.
LaTeX Font Info:    Checking defaults for U/cmr/m/n on input line 119.
LaTeX Font Info:    ... okay on input line 119.
LaTeX Font Info:    Checking defaults for PD1/pdf/m/n on input line 119.
LaTeX Font Info:    ... okay on input line 119.
LaTeX Font Info:    Checking defaults for PU/pdf/m/n on input line 119.
LaTeX Font Info:    ... okay on input line 119.
 (/usr/local/texlive/2021/texmf-dist/tex/context/base/mkii/supp-pdf.mkii
[Loading MPS to PDF converter (version 2006.09.02).]
\scratchcounter=\count360
\scratchdimen=\dimen348
\scratchbox=\box133
\nofMPsegments=\count361
\nofMParguments=\count362
\everyMPshowfont=\toks48
\MPscratchCnt=\count363
\MPscratchDim=\dimen349
\MPnumerator=\count364
\makeMPintoPDFobject=\count365
\everyMPtoPDFconversion=\toks49
) (/usr/local/texlive/2021/texmf-dist/tex/latex/epstopdf-pkg/epstopdf-base.sty
Package: epstopdf-base 2020-01-24 v2.11 Base part for package epstopdf
Package epstopdf-base Info: Redefining graphics rule for `.eps' on input line 485.
 (/usr/local/texlive/2021/texmf-dist/tex/latex/latexconfig/epstopdf-sys.cfg
File: epstopdf-sys.cfg 2010/07/13 v1.3 Configuration of (r)epstopdf for TeX Live
))
Package caption Info: Begin \AtBeginDocument code.
Package caption Info: changepage package is loaded.
\caption@adjustwidth@hsize=\dimen350
\caption@adjustwidth@linewidth=\dimen351
Package caption Info: hyperref package is loaded.
Package caption Info: listings package is loaded.
Package caption Info: rotating package is loaded.
Package caption Info: subfigure package is loaded.
Package caption Info: End \AtBeginDocument code.
Package hyperref Info: Link coloring OFF on input line 119.
 (/usr/local/texlive/2021/texmf-dist/tex/latex/hyperref/nameref.sty
Package: nameref 2021-04-02 v2.47 Cross-referencing by name of section
 (/usr/local/texlive/2021/texmf-dist/tex/latex/refcount/refcount.sty
Package: refcount 2019/12/15 v3.6 Data extraction from label references (HO)
) (/usr/local/texlive/2021/texmf-dist/tex/generic/gettitlestring/gettitlestring.sty
Package: gettitlestring 2019/12/15 v1.6 Cleanup title references (HO)
)
\c@section@level=\count366
)
LaTeX Info: Redefining \ref on input line 119.
LaTeX Info: Redefining \pageref on input line 119.
LaTeX Info: Redefining \nameref on input line 119.
\@outlinefile=\write4
\openout4 = `wm-dissertation.out'.

\c@lstlisting=\count367
 [1







{/usr/local/texlive/2021/texmf-var/fonts/map/pdftex/updmap/pdftex.map}]pdfTeX warning (ext4): destination with the same identifier (name{page.i}) has been already used, duplicate ignored
<to be read again> 
                   \relax 
l.147 \makeThesisProlog
                        [1]
LaTeX Font Info:    Trying to load font information for U+msa on input line 147.
 (/usr/local/texlive/2021/texmf-dist/tex/latex/amsfonts/umsa.fd
File: umsa.fd 2013/01/14 v3.01 AMS symbols A
)
LaTeX Font Info:    Trying to load font information for U+msb on input line 147.
 (/usr/local/texlive/2021/texmf-dist/tex/latex/amsfonts/umsb.fd
File: umsb.fd 2013/01/14 v3.01 AMS symbols B
)
LaTeX Font Info:    Trying to load font information for U+lasy on input line 147.
 (/usr/local/texlive/2021/texmf-dist/tex/latex/base/ulasy.fd
File: ulasy.fd 1998/08/17 v2.2e LaTeX symbol font definitions
)pdfTeX warning (ext4): destination with the same identifier (name{page.i}) has been already used, duplicate ignored
<to be read again> 
                   \relax 
l.147 \makeThesisProlog
                        [1]
Underfull \hbox (badness 10000) in paragraph at lines 147--147

 []

[2] (/Users/scottmarsden/Documents/GitHub/WM-Thesis-Template/abstract.tex) [3]
\tf@toc=\write5
\openout5 = `wm-dissertation.toc'.

pdfTeX warning (ext4): destination with the same identifier (name{page.i}) has been already used, duplicate ignored
<to be read again> 
                   \relax 
l.147 \makeThesisProlog
                        [1] (/Users/scottmarsden/Documents/GitHub/WM-Thesis-Template/acknowledge.tex)pdfTeX warning (ext4): destination with the same identifier (name{page.iii}) has been already used, duplicate ignored
<to be read again> 
                   \relax 
l.147 \makeThesisProlog
                        [3] [4]
\tf@lot=\write6
\openout6 = `wm-dissertation.lot'.

 [5]
\tf@lof=\write7
\openout7 = `wm-dissertation.lof'.

 [6]pdfTeX warning (ext4): destination with the same identifier (name{page.i}) has been already used, duplicate ignored
<to be read again> 
                   \relax 
l.147 \makeThesisProlog
                        [1]
\openout2 = `Chapter-Introduction.aux'.

 (/Users/scottmarsden/Documents/GitHub/WM-Thesis-Template/Chapter-Introduction.tex
Chapter 1.

Package natbib Warning: Citation `Ami_2022' on page 2 undefined on input line 9.

[2


] [3]
LaTeX Font Info:    Trying to load font information for T1+cmtt on input line 25.
 (/usr/local/texlive/2021/texmf-dist/tex/latex/base/t1cmtt.fd
File: t1cmtt.fd 2019/12/16 v2.5j Standard LaTeX font definitions
) [4] [5]

Package natbib Warning: Citation `bkm+18' on page 6 undefined on input line 41.

[6]

Package natbib Warning: Citation `snyk' on page 7 undefined on input line 60.


Package natbib Warning: Citation `codeguru' on page 7 undefined on input line 60.


Package natbib Warning: Citation `sonarqube' on page 7 undefined on input line 60.

[7] [8]

Package natbib Warning: Citation `QWR18' on page 9 undefined on input line 80.


Package natbib Warning: Citation `droidbench' on page 9 undefined on input line 80.


Package natbib Warning: Citation `iccbench' on page 9 undefined on input line 80.


Package natbib Warning: Citation `PBW18' on page 9 undefined on input line 80.


Package natbib Warning: Citation `bkm+18' on page 9 undefined on input line 80.


Package natbib Warning: Citation `' on page 9 undefined on input line 80.


Package natbib Warning: Citation `lss+15' on page 9 undefined on input line 81.

[9]

Package natbib Warning: Citation `bkm+18' on page 10 undefined on input line 89.


Package natbib Warning: Citation `arf+14' on page 10 undefined on input line 89.


Package natbib Warning: Citation `wror14' on page 10 undefined on input line 89.


LaTeX Warning: Reference `lst:des-example' on page 10 undefined on input line 93.


LaTeX Warning: Reference `lst:des-misuse-2' on page 10 undefined on input line 93.


Package natbib Warning: Citation `dhk+16' on page 10 undefined on input line 95.


Package natbib Warning: Citation `WLW+19' on page 10 undefined on input line 95.


Package natbib Warning: Citation `GKL+19' on page 10 undefined on input line 95.


Package natbib Warning: Citation `QWR18' on page 10 undefined on input line 95.


Package natbib Warning: Citation `PBW18' on page 10 undefined on input line 95.

[10]

Package natbib Warning: Citation `fhm+12' on page 11 undefined on input line 98.


Package natbib Warning: Citation `ebfk13' on page 11 undefined on input line 98.


Package natbib Warning: Citation `cognicrypteclipse' on page 11 undefined on input line 98.


Package natbib Warning: Citation `knr+17' on page 11 undefined on input line 98.


Package natbib Warning: Citation `KSA+18' on page 11 undefined on input line 98.


Package natbib Warning: Citation `deepsource' on page 11 undefined on input line 98.


Package natbib Warning: Citation `snyk' on page 11 undefined on input line 98.


Package natbib Warning: Citation `sonarqube' on page 11 undefined on input line 98.


Package natbib Warning: Citation `codeguru' on page 11 undefined on input line 98.


Package natbib Warning: Citation `codiga' on page 11 undefined on input line 98.


Package natbib Warning: Citation `BDA+17' on page 11 undefined on input line 99.


Package natbib Warning: Citation `BDA+19' on page 11 undefined on input line 99.


Package natbib Warning: Citation `BD16' on page 11 undefined on input line 99.


Package natbib Warning: Citation `NVK16' on page 11 undefined on input line 99.


Package natbib Warning: Citation `Afrose_Xiao_Rahaman_Miller_Yao_2022' on page 11 undefined on input line 103.


Package natbib Warning: Citation `Schlichtig_Wickert_Krüger_Bodden_Mezini_2022' on page 11 undefined on input line 103.

[11]
Overfull \hbox (5.98648pt too wide) in paragraph at lines 121--122
[]\T1/cmr/m/n/10.95 Ami, A., Kafle, K., Moran, K., Nad-karni, A., and Poshy-vanyk, D., ^^PSys-tem-atic Mutation-
 []

) [12]
\openout2 = `Chapter-Framework.aux'.

 (/Users/scottmarsden/Documents/GitHub/WM-Thesis-Template/Chapter-Framework.tex
Chapter 2.
<figures/overview.pdf, id=116, 455.7025pt x 198.7425pt>
File: figures/overview.pdf Graphic file (type pdf)
<use figures/overview.pdf>
Package pdftex.def Info: figures/overview.pdf  used on input line 7.
(pdftex.def)             Requested size: 409.3397pt x 178.52693pt.
[13




 </Users/scottmarsden/Documents/GitHub/WM-Thesis-Template/figures/overview.pdf>]
<figures/taxonomy.pdf, id=188, 912.40875pt x 836.12375pt>
File: figures/taxonomy.pdf Graphic file (type pdf)
<use figures/taxonomy.pdf>
Package pdftex.def Info: figures/taxonomy.pdf  used on input line 31.
(pdftex.def)             Requested size: 409.3397pt x 375.10397pt.
 [14] (/Users/scottmarsden/Documents/GitHub/WM-Thesis-Template/tables/new_taxonomy_misuses.tex) [15 </Users/scottmarsden/Documents/GitHub/WM-Thesis-Template/figures/taxonomy.pdf>] [16]

Package natbib Warning: Citation `MITRE' on page 17 undefined on input line 47.


LaTeX Warning: Reference `table:new_papers' on page 17 undefined on input line 51.

(/Users/scottmarsden/Documents/GitHub/WM-Thesis-Template/tables/new_papers.tex

Package natbib Warning: Citation `Xing_Cheng_Dietl_2021' on page 17 undefined on input line 11.


Package natbib Warning: Citation `oha+21' on page 17 undefined on input line 13.


Package natbib Warning: Citation `Possemato_Fratantonio' on page 17 undefined on input line 15.


Package natbib Warning: Citation `Afrose_Rahaman_Yao_2019' on page 17 undefined on input line 17.


Package natbib Warning: Citation `ZCD+19' on page 17 undefined on input line 19.


Package natbib Warning: Citation `GKL+19' on page 17 undefined on input line 21.


Package natbib Warning: Citation `Hazhirpasand_Ghafari_Nierstrasz_2020' on page 17 undefined on input line 23.


Package natbib Warning: Citation `Wickert_Baumgärtner_Breitfelder_Mezini_2021' on page 17 undefined on input line 25.


Package natbib Warning: Citation `BDA+19' on page 17 undefined on input line 27.


Package natbib Warning: Citation `Feichtner_2019' on page 17 undefined on input line 29.


Package natbib Warning: Citation `Wickert_Reif_Eichberg_Dodhy_Mezini_2019' on page 17 undefined on input line 31.


Package natbib Warning: Citation `Krüger_Ali_Bodden_2020' on page 17 undefined on input line 33.


Package natbib Warning: Citation `Singleton_Zhao_Song_Siy_2020' on page 17 undefined on input line 35.


Package natbib Warning: Citation `Rodrigues_Braga_Dahab_2020' on page 17 undefined on input line 37.


Package natbib Warning: Citation `Afrose_Xiao_Rahaman_Miller_Yao_2022' on page 17 undefined on input line 39.


Package natbib Warning: Citation `Zhang_Kabir_Xiao_Yao_Meng_2023' on page 17 undefined on input line 41.


Package natbib Warning: Citation `Newbury_Ali_Craik_2021' on page 17 undefined on input line 43.


Package natbib Warning: Citation `Choudhari_Guilley_Karray' on page 17 undefined on input line 45.


Overfull \hbox (7.08815pt too wide) in paragraph at lines 7--48
 [][] 
 []

[17]) [18]

LaTeX Warning: Reference `table:new_misuse' on page 19 undefined on input line 63.

[19] [20]

LaTeX Warning: Reference `lst:iterativechaining' on page 21 undefined on input line 83.


LaTeX Warning: Reference `lst:iterativeconditionals' on page 21 undefined on input line 85.


LaTeX Warning: Reference `lst:methodbuilder' on page 21 undefined on input line 87.


LaTeX Warning: Reference `lst:ObjectSensitivity' on page 21 undefined on input line 89.

[21]

LaTeX Warning: Reference `lst:buildvariable' on page 22 undefined on input line 91.


LaTeX Warning: Reference `lst:substring' on page 22 undefined on input line 93.


LaTeX Warning: Reference `lst:statickeystore' on page 22 undefined on input line 95.

[22]) [23]
\openout2 = `Chapter-Implementation.aux'.

 (/Users/scottmarsden/Documents/GitHub/WM-Thesis-Template/Chapter-Implementation.tex
Chapter 3.

LaTeX Warning: Reference `fig:architecture' on page 24 undefined on input line 6.

[24




] [25]
<figures/architecture.png, id=302, 1059.96pt x 819.06pt>
File: figures/architecture.png Graphic file (type png)
<use figures/architecture.png>
Package pdftex.def Info: figures/architecture.png  used on input line 21.
(pdftex.def)             Requested size: 409.3397pt x 316.30765pt.
 [26 </Users/scottmarsden/Documents/GitHub/WM-Thesis-Template/figures/architecture.png>] [27] [28] [29] [30] [31]) [32]
\openout2 = `Chapter-Evaluation.aux'.

 (/Users/scottmarsden/Documents/GitHub/WM-Thesis-Template/Chapter-Evaluation.tex
Chapter 4.
[33




] [34] [35] [36]) [37]
\openout2 = `Chapter-Results.aux'.

 (/Users/scottmarsden/Documents/GitHub/WM-Thesis-Template/Chapter-Results.tex
Chapter 5.
[38




] [39] [40] (/Users/scottmarsden/Documents/GitHub/WM-Thesis-Template/tables/tbl_flaws.tex
Overfull \hbox (2.66507pt too wide) in paragraph at lines 119--119
[]|\T1/cmr/m/n/6 F3[]*| 
 []


Underfull \hbox (badness 10000) in paragraph at lines 119--119
[]|\T1/cmr/m/n/6 secureParameterReplaceInsecure
 []


Overfull \hbox (2.66507pt too wide) in paragraph at lines 119--119
[]|\T1/cmr/m/n/6 F4[]*| 
 []


Underfull \hbox (badness 10000) in paragraph at lines 119--119
[]|\T1/cmr/m/n/6 insecureParameterReplaceInsecure
 []


Overfull \hbox (2.66507pt too wide) in paragraph at lines 119--119
[]|\T1/cmr/m/n/6 F5[]*| 
 []


Underfull \hbox (badness 3989) in paragraph at lines 119--119
[]|\T1/cmr/m/n/6 Not re-solv-ing the case af-ter trans-for-ma-tion for anal-y-sis; \T1/cmr/m/it/6 e.g.\T1/cmr/m/n/6 ,[][][]
 []


Overfull \hbox (2.66507pt too wide) in paragraph at lines 119--119
[]|\T1/cmr/m/n/6 F6[]*| 
 []


Underfull \hbox (badness 10000) in paragraph at lines 119--119
[]|\T1/cmr/m/n/6 parameterFromMethodChaining
 []


Overfull \hbox (2.66507pt too wide) in paragraph at lines 119--119
[]|\T1/cmr/m/n/6 F8[]*| 
 []


Underfull \hbox (badness 10000) in paragraph at lines 119--119
[]|\T1/cmr/m/n/6 deterministicByteFromCharacters
 []


Underfull \hbox (badness 10000) in paragraph at lines 119--119
[]|\T1/cmr/m/n/6 predictableByteFromSystemAPI
 []


Overfull \hbox (2.66507pt too wide) in paragraph at lines 119--119
[]|\T1/cmr/m/n/6 F10[]| 
 []


LaTeX Warning: Reference `lst:aic_X509ExtendedTrustManager' on page 41 undefined on input line 119.


Overfull \hbox (2.66507pt too wide) in paragraph at lines 119--119
[]|\T1/cmr/m/n/6 F11[]| 
 []


LaTeX Warning: Reference `lst:aic_x509tm' on page 41 undefined on input line 119.


Overfull \hbox (2.66507pt too wide) in paragraph at lines 119--119
[]|\T1/cmr/m/n/6 F12[]| 
 []


LaTeX Warning: Reference `lst:aic_empty_ext_interface_hostname' on page 41 undefined on input line 119.


Overfull \hbox (2.66507pt too wide) in paragraph at lines 119--119
[]|\T1/cmr/m/n/6 F13[]| 
 []


LaTeX Warning: Reference `lst:aic_empty_ext_abstract_hostname' on page 41 undefined on input line 119.


Overfull \hbox (2.66507pt too wide) in paragraph at lines 119--119
[]|\T1/cmr/m/n/6 F14[]| 
 []


Overfull \hbox (1.42538pt too wide) in paragraph at lines 119--119
[]|\T1/cmr/m/n/6 X509TrustManagerGenericConditions
 []


Underfull \hbox (badness 1033) in paragraph at lines 119--119
[]|\T1/cmr/m/n/6 Insecure val-i-da-tion of a over-rid-den \T1/cmtt/m/n/8 checkServerTrusted \T1/cmr/m/n/6 method cre-ated
 []


Underfull \hbox (badness 1540) in paragraph at lines 119--119
\T1/cmr/m/n/6 the fail-ure to de-tect \T1/cmr/m/it/6 se-cu-rity ex-cep-tions thrown un-der im-pos-si-ble con-
 []


Underfull \hbox (badness 1946) in paragraph at lines 119--119
\T1/cmr/m/it/6 di-tions\T1/cmr/m/n/6 ; \T1/cmr/m/it/6 e.g.\T1/cmr/m/n/6 , \T1/cmtt/m/n/8 if(!(true||arg0 == null||arg1 == null)) throw new
 []


Overfull \hbox (2.66507pt too wide) in paragraph at lines 119--119
[]|\T1/cmr/m/n/6 F15[]| 
 []


Overfull \hbox (1.09766pt too wide) in paragraph at lines 119--119
[]|\T1/cmr/m/n/6 IntHostnameVerifierGenericCondition
 []


Overfull \hbox (2.66507pt too wide) in paragraph at lines 119--119
[]|\T1/cmr/m/n/6 F16[]| 
 []


Overfull \hbox (4.59676pt too wide) in paragraph at lines 119--119
[]|\T1/cmr/m/n/6 AbcHostnameVerifierGenericCondition
 []


Overfull \hbox (2.66507pt too wide) in paragraph at lines 119--119
[]|\T1/cmr/m/n/6 F17[]| 
 []


Overfull \hbox (1.35872pt too wide) in paragraph at lines 119--119
[]|\T1/cmr/m/n/6 X509TrustManagerSpecificConditions
 []


Underfull \hbox (badness 10000) in paragraph at lines 119--119
[][][][][][][][][][][][][][][][][][][][][][][][][][][][][][][][][][][][]
 []


Overfull \hbox (2.66507pt too wide) in paragraph at lines 119--119
[]|\T1/cmr/m/n/6 F18[]| 
 []


Overfull \hbox (1.03099pt too wide) in paragraph at lines 119--119
[]|\T1/cmr/m/n/6 IntHostnameVerifierSpecificCondition
 []


Overfull \hbox (2.66507pt too wide) in paragraph at lines 119--119
[]|\T1/cmr/m/n/6 F19[]| 
 []


Overfull \hbox (4.53009pt too wide) in paragraph at lines 119--119
[]|\T1/cmr/m/n/6 AbcHostnameVerifierSpecificCondition
 []


Overfull \hbox (3.36224pt too wide) in alignment at lines 119--119
[][][] 
 []


LaTeX Warning: Reference `sec:discussion' on page 41 undefined on input line 123.

) (/Users/scottmarsden/Documents/GitHub/WM-Thesis-Template/tables/new_tbl_flaws.tex
Overfull \hbox (2.66507pt too wide) in paragraph at lines 57--57
[]|\T1/cmr/m/n/6 F20[]| 
 []


Underfull \hbox (badness 1577) in paragraph at lines 57--57
[]|\T1/cmr/m/n/6 Not de-tect-ing bytes that are cre-ated us-ing a static source con-
 []


Overfull \hbox (2.66507pt too wide) in paragraph at lines 57--57
[]|\T1/cmr/m/n/6 F21[]| 
 []


Overfull \hbox (2.66507pt too wide) in paragraph at lines 57--57
[]|\T1/cmr/m/n/6 F22[]| 
 []


Underfull \hbox (badness 10000) in paragraph at lines 57--57
\T1/cmr/m/it/6 e.g.\T1/cmr/m/n/6 ,[][][][][][][][][][][][][][][][][][][]
 []


Overfull \hbox (2.66507pt too wide) in paragraph at lines 57--57
[]|\T1/cmr/m/n/6 F23[]| 
 []


Underfull \hbox (badness 4805) in paragraph at lines 57--57
[]|\T1/cmr/m/n/6 Not be-ing able to dif-fer-en-ti-ate be-tween two in-stances of the
 []


Underfull \hbox (badness 3168) in paragraph at lines 57--57
\T1/cmr/m/n/6 same ob-ject type one con-tain-ing a mis-use and one con-tain-ing
 []


Underfull \hbox (badness 1028) in paragraph at lines 57--57
\T1/cmr/m/n/6 a safe value; \T1/cmr/m/it/6 e.g.\T1/cmr/m/n/6 ,[][][][][][][][][][][][][][][][][][][][][]
 []


Underfull \hbox (badness 2213) in paragraph at lines 57--57
[][][][][][][][][][][][][][][] [][][][][][][][][][][][][][][]
 []


Underfull \hbox (badness 2213) in paragraph at lines 57--57
[][][][][][][][][][][][][][][][][][][][][] [][][]
 []


Underfull \hbox (badness 2213) in paragraph at lines 57--57
[][][][][][][][][][][] [][][][][][][][][][][][][][][][][]
 []


Overfull \hbox (2.66507pt too wide) in paragraph at lines 57--57
[]|\T1/cmr/m/n/6 F24[]| 
 []


LaTeX Warning: Reference `lst:methodbuilder' on page 41 undefined on input line 57.


Overfull \hbox (2.66507pt too wide) in paragraph at lines 57--57
[]|\T1/cmr/m/n/6 F25[]| 
 []


LaTeX Warning: Reference `lst:iterativeconditionals' on page 41 undefined on input line 57.


LaTeX Warning: Reference `sec:discussion' on page 41 undefined on input line 61.

) (/Users/scottmarsden/Documents/GitHub/WM-Thesis-Template/tables/new_tbl_flaw_tools.tex
Overfull \hbox (8.06319pt too wide) in paragraph at lines 108--108
[]|\T1/cmr/bx/n/8 Class| 
 []


Overfull \hbox (1.46703pt too wide) in paragraph at lines 108--108
[]|[]| 
 []


Overfull \hbox (1.46703pt too wide) in paragraph at lines 108--108
[]|[]| 
 []


Overfull \hbox (1.46703pt too wide) in paragraph at lines 108--108
[]|[]| 
 []


Overfull \hbox (1.46703pt too wide) in paragraph at lines 108--108
[]|[]| 
 []


Overfull \hbox (1.46703pt too wide) in paragraph at lines 108--108
[]|[]| 
 []


Overfull \hbox (1.46703pt too wide) in paragraph at lines 108--108
[]|[]| 
 []

) (/Users/scottmarsden/Documents/GitHub/WM-Thesis-Template/tables/tbl_mutations_overall.tex

Package tabularx Warning: X Columns too narrow (table too wide)
(tabularx)                 on input line 40.


Overfull \hbox (29.88159pt too wide) in paragraph at lines 40--40
[]|\T1/cmr/bx/n/8 Detected| 
 []


Overfull \hbox (15.10742pt too wide) in paragraph at lines 40--40
[]|\T1/cmr/m/n/8 40,877| 
 []


Overfull \hbox (15.10742pt too wide) in paragraph at lines 40--40
[]|\T1/cmr/m/n/8 17,028| 
 []


Overfull \hbox (15.10742pt too wide) in paragraph at lines 40--40
[]|\T1/cmr/m/n/8 11,601| 
 []


Overfull \hbox (4.24896pt too wide) in paragraph at lines 40--40
[]|\T1/cmr/m/n/8 840| 
 []


Overfull \hbox (42.96173pt too wide) in paragraph at lines 40--40
[]|\T1/cmr/m/n/8 18,616/19,759| 
 []


Overfull \hbox (4.24896pt too wide) in paragraph at lines 40--40
[]|\T1/cmr/m/n/8 475| 
 []


Overfull \hbox (15.10742pt too wide) in paragraph at lines 40--40
[]|\T1/cmr/m/n/8 17,715| 
 []


Overfull \hbox (15.10742pt too wide) in paragraph at lines 40--40
[]|\T1/cmr/m/n/8 21,474| 
 []


Overfull \hbox (15.10742pt too wide) in paragraph at lines 40--40
[]|\T1/cmr/m/n/8 21,440| 
 []


Overfull \hbox (15.10742pt too wide) in paragraph at lines 40--40
[]|\T1/cmr/m/n/8 35,200| 
 []


Overfull \hbox (116.96968pt too wide) in alignment at lines 40--40
[][][][] 
 []

)) [41] [42] [43] [44] [45]
\openout2 = `Chapter-Conclusion.aux'.

 (/Users/scottmarsden/Documents/GitHub/WM-Thesis-Template/Chapter-Conclusion.tex
Chapter 6.
[46




] [47] [48] [49]) [50] [51] (/Users/scottmarsden/Documents/GitHub/WM-Thesis-Template/appendixA.tex
Appendix A.
(/usr/local/texlive/2021/texmf-dist/tex/latex/listings/lstlang1.sty
File: lstlang1.sty 2020/03/24 1.8d listings language file
)
Package hyperref Info: bookmark level for unknown lstlisting defaults to 0 on input line 9.
 [52



]

LaTeX Warning: Reference `flaw:X509ExtendedTrustManager' on page 53 undefined on input line 51.


LaTeX Warning: Reference `flaw:X509ExtendedTrustManager' on page 53 undefined on input line 51.


LaTeX Warning: Reference `flaw:X509TrustManagerSpecificConditions' on page 53 undefined on input line 59.


LaTeX Warning: Reference `flaw:X509TrustManagerSpecificConditions' on page 53 undefined on input line 59.

[53]

Package natbib Warning: Citation `FBX+17' on page 54 undefined on input line 107.


Package natbib Warning: Citation `owasp:mislabel' on page 54 undefined on input line 107.


Package natbib Warning: Citation `FBX+17' on page 54 undefined on input line 107.


Package natbib Warning: Citation `owasp:mislabel' on page 54 undefined on input line 107.

[54] [55] [56] [57])
No file wm-dissertation.bbl.

Package natbib Warning: There were undefined citations.

[58] (/Users/scottmarsden/Documents/GitHub/WM-Thesis-Template/wm-dissertation.aux (/Users/scottmarsden/Documents/GitHub/WM-Thesis-Template/Chapter-Introduction.aux) (/Users/scottmarsden/Documents/GitHub/WM-Thesis-Template/Chapter-Framework.aux) (/Users/scottmarsden/Documents/GitHub/WM-Thesis-Template/Chapter-Implementation.aux) (/Users/scottmarsden/Documents/GitHub/WM-Thesis-Template/Chapter-Evaluation.aux) (/Users/scottmarsden/Documents/GitHub/WM-Thesis-Template/Chapter-Results.aux) (/Users/scottmarsden/Documents/GitHub/WM-Thesis-Template/Chapter-Conclusion.aux))

LaTeX Warning: There were undefined references.


LaTeX Warning: Label(s) may have changed. Rerun to get cross-references right.


Package rerunfilecheck Warning: File `wm-dissertation.out' has changed.
(rerunfilecheck)                Rerun to get outlines right
(rerunfilecheck)                or use package `bookmark'.

Package rerunfilecheck Info: Checksums for `wm-dissertation.out':
(rerunfilecheck)             Before: <no file>
(rerunfilecheck)             After:  D8436A19666E1AEB1A4C4A0E9C10CC1C;4034.
 ) 
Here is how much of TeX's memory you used:
 28067 strings out of 478994
 490484 string characters out of 5858185
 1142733 words of memory out of 5000000
 44633 multiletter control sequences out of 15000+600000
 433655 words of font info for 101 fonts, out of 8000000 for 9000
 1141 hyphenation exceptions out of 8191
 87i,17n,117p,2583b,1966s stack positions out of 5000i,500n,10000p,200000b,80000s
{/usr/local/texlive/2021/texmf-dist/fonts/enc/dvips/cm-super/cm-super-t1.enc}{/usr/local/texlive/2021/texmf-dist/fonts/enc/dvips/cm-super/cm-super-ts1.enc}</usr/local/texlive/2021/texmf-dist/fonts/type1/public/amsfonts/cm/cmmi10.pfb></usr/local/texlive/2021/texmf-dist/fonts/type1/public/amsfonts/cm/cmmi6.pfb></usr/local/texlive/2021/texmf-dist/fonts/type1/public/amsfonts/cm/cmr5.pfb></usr/local/texlive/2021/texmf-dist/fonts/type1/public/amsfonts/cm/cmr7.pfb></usr/local/texlive/2021/texmf-dist/fonts/type1/public/amsfonts/cm/cmr8.pfb></usr/local/texlive/2021/texmf-dist/fonts/type1/public/amsfonts/cm/cmsy10.pfb></usr/local/texlive/2021/texmf-dist/fonts/type1/public/amsfonts/symbols/msam10.pfb></usr/local/texlive/2021/texmf-dist/fonts/type1/public/cm-super/sfbi1095.pfb></usr/local/texlive/2021/texmf-dist/fonts/type1/public/cm-super/sfbx0600.pfb></usr/local/texlive/2021/texmf-dist/fonts/type1/public/cm-super/sfbx0800.pfb></usr/local/texlive/2021/texmf-dist/fonts/type1/public/cm-super/sfbx1000.pfb></usr/local/texlive/2021/texmf-dist/fonts/type1/public/cm-super/sfbx1095.pfb></usr/local/texlive/2021/texmf-dist/fonts/type1/public/cm-super/sfbx1200.pfb></usr/local/texlive/2021/texmf-dist/fonts/type1/public/cm-super/sfbx1440.pfb></usr/local/texlive/2021/texmf-dist/fonts/type1/public/cm-super/sfbx2074.pfb></usr/local/texlive/2021/texmf-dist/fonts/type1/public/cm-super/sfbx2488.pfb></usr/local/texlive/2021/texmf-dist/fonts/type1/public/cm-super/sfrm0600.pfb></usr/local/texlive/2021/texmf-dist/fonts/type1/public/cm-super/sfrm0800.pfb></usr/local/texlive/2021/texmf-dist/fonts/type1/public/cm-super/sfrm0900.pfb></usr/local/texlive/2021/texmf-dist/fonts/type1/public/cm-super/sfrm1000.pfb></usr/local/texlive/2021/texmf-dist/fonts/type1/public/cm-super/sfrm1095.pfb></usr/local/texlive/2021/texmf-dist/fonts/type1/public/cm-super/sfrm1200.pfb></usr/local/texlive/2021/texmf-dist/fonts/type1/public/cm-super/sfrm1440.pfb></usr/local/texlive/2021/texmf-dist/fonts/type1/public/cm-super/sfti0600.pfb></usr/local/texlive/2021/texmf-dist/fonts/type1/public/cm-super/sfti0800.pfb></usr/local/texlive/2021/texmf-dist/fonts/type1/public/cm-super/sfti1000.pfb></usr/local/texlive/2021/texmf-dist/fonts/type1/public/cm-super/sfti1095.pfb></usr/local/texlive/2021/texmf-dist/fonts/type1/public/cm-super/sftt0800.pfb></usr/local/texlive/2021/texmf-dist/fonts/type1/public/cm-super/sftt0900.pfb></usr/local/texlive/2021/texmf-dist/fonts/type1/public/cm-super/sftt1000.pfb></usr/local/texlive/2021/texmf-dist/fonts/type1/public/cm-super/sftt1095.pfb></usr/local/texlive/2021/texmf-dist/fonts/type1/public/cm-super/sfxc0600.pfb></usr/local/texlive/2021/texmf-dist/fonts/type1/urw/zapfding/uzdr.pfb>
Output written on /Users/scottmarsden/Documents/GitHub/WM-Thesis-Template/wm-dissertation.pdf (68 pages, 1385158 bytes).
PDF statistics:
 821 PDF objects out of 1000 (max. 8388607)
 654 compressed objects within 7 object streams
 273 named destinations out of 1000 (max. 500000)
 28 words of extra memory for PDF output out of 10000 (max. 10000000)

