\BOOKMARK [0][-]{Doc-Start}{\376\377\000A\000c\000k\000n\000o\000w\000l\000e\000d\000g\000m\000e\000n\000t\000s}{}% 1
\BOOKMARK [0][-]{Doc-Start}{\376\377\000D\000e\000d\000i\000c\000a\000t\000i\000o\000n}{}% 2
\BOOKMARK [0][-]{Doc-Start}{\376\377\000L\000i\000s\000t\000\040\000o\000f\000\040\000T\000a\000b\000l\000e\000s}{}% 3
\BOOKMARK [0][-]{Doc-Start}{\376\377\000L\000i\000s\000t\000\040\000o\000f\000\040\000F\000i\000g\000u\000r\000e\000s}{}% 4
\BOOKMARK [0][-]{chapter.1}{\376\377\000I\000n\000t\000r\000o\000d\000u\000c\000t\000i\000o\000n}{}% 5
\BOOKMARK [1][-]{section.1.1}{\376\377\000O\000v\000e\000r\000v\000i\000e\000w}{chapter.1}% 6
\BOOKMARK [2][-]{subsection.1.1.1}{\376\377\000M\000o\000t\000i\000v\000a\000t\000i\000o\000n\000\040\000a\000n\000d\000\040\000B\000a\000c\000k\000g\000r\000o\000u\000n\000d}{section.1.1}% 7
\BOOKMARK [2][-]{subsection.1.1.2}{\376\377\000T\000h\000r\000e\000a\000t\000\040\000M\000o\000d\000e\000l}{section.1.1}% 8
\BOOKMARK [1][-]{section.1.2}{\376\377\000B\000i\000b\000l\000i\000o\000g\000r\000a\000p\000h\000i\000c\000a\000l\000\040\000N\000o\000t\000e\000s}{chapter.1}% 9
\BOOKMARK [0][-]{chapter.2}{\376\377\000T\000h\000e\000\040\000M\000A\000S\000C\000\040\000F\000r\000a\000m\000e\000w\000o\000r\000k}{}% 10
\BOOKMARK [1][-]{section.2.1}{\376\377\000O\000v\000e\000r\000v\000i\000e\000w}{chapter.2}% 11
\BOOKMARK [2][-]{subsection.2.1.1}{\376\377\000E\000x\000t\000e\000n\000d\000e\000d\000\040\000T\000a\000x\000o\000n\000o\000m\000y}{section.2.1}% 12
\BOOKMARK [2][-]{subsection.2.1.2}{\376\377\000E\000x\000t\000e\000n\000d\000e\000d\000\040\000O\000p\000e\000r\000a\000t\000o\000r\000s}{section.2.1}% 13
\BOOKMARK [2][-]{subsection.2.1.3}{\376\377\000T\000h\000r\000e\000a\000t\000\040\000B\000a\000s\000e\000d\000\040\000M\000u\000t\000a\000t\000i\000o\000n\000\040\000S\000c\000o\000p\000e\000s}{section.2.1}% 14
\BOOKMARK [0][-]{chapter.3}{\376\377\000I\000m\000p\000l\000e\000m\000e\000n\000t\000a\000t\000i\000o\000n}{}% 15
\BOOKMARK [1][-]{section.3.1}{\376\377\000N\000e\000w\000\040\000F\000e\000a\000t\000u\000r\000e\000s}{chapter.3}% 16
\BOOKMARK [1][-]{section.3.2}{\376\377\000S\000e\000n\000s\000i\000t\000i\000v\000i\000t\000y\000\040\000E\000v\000a\000l\000u\000a\000t\000o\000r}{chapter.3}% 17
\BOOKMARK [1][-]{section.3.3}{\376\377\000A\000u\000t\000o\000m\000a\000t\000e\000d\000\040\000E\000v\000a\000l\000u\000a\000t\000i\000o\000n}{chapter.3}% 18
\BOOKMARK [1][-]{section.3.4}{\376\377\000M\000A\000S\000C\000\040\000W\000e\000b}{chapter.3}% 19
\BOOKMARK [0][-]{chapter.4}{\376\377\000E\000v\000a\000l\000u\000a\000t\000i\000o\000n\000\040\000a\000n\000d\000\040\000M\000e\000t\000h\000o\000d\000o\000l\000o\000g\000y}{}% 20
\BOOKMARK [0][-]{chapter.5}{\376\377\000R\000e\000s\000u\000l\000t\000s\000\040\000a\000n\000d\000\040\000F\000i\000n\000d\000i\000n\000g\000s}{}% 21
\BOOKMARK [1][-]{section.5.1}{\376\377\000A\000n\000a\000l\000y\000z\000i\000n\000g\000\040\000F\000l\000a\000w\000s}{chapter.5}% 22
\BOOKMARK [1][-]{section.5.2}{\376\377\000E\000x\000h\000a\000u\000s\000t\000i\000v\000e\000\040\000R\000e\000s\000u\000l\000t\000s}{chapter.5}% 23
\BOOKMARK [0][-]{chapter.6}{\376\377\000C\000o\000n\000c\000l\000u\000s\000i\000o\000n}{}% 24
\BOOKMARK [1][-]{section.6.1}{\376\377\000L\000i\000m\000i\000t\000a\000t\000i\000o\000n\000s}{chapter.6}% 25
\BOOKMARK [1][-]{section.6.2}{\376\377\000D\000i\000s\000c\000u\000s\000s\000i\000o\000n}{chapter.6}% 26
\BOOKMARK [1][-]{section.6.3}{\376\377\000L\000e\000s\000s\000o\000n\000s\000\040\000L\000e\000a\000r\000n\000e\000d}{chapter.6}% 27
\BOOKMARK [1][-]{section.6.4}{\376\377\000C\000o\000n\000c\000l\000u\000s\000i\000o\000n}{chapter.6}% 28
\BOOKMARK [0][-]{appendix.A}{\376\377\000A\000p\000p\000e\000n\000d\000i\000x\000\040\000A}{}% 29
\BOOKMARK [1][-]{section.A.1}{\376\377\000C\000o\000d\000e\000\040\000S\000n\000i\000p\000p\000e\000t\000s}{appendix.A}% 30
